commit 81c980e06c14ff5457bb03883ef590c78426f1eb
Author: Luis Angel <luis04quispe@gmail.com>
Date:   Sat Jan 21 18:42:28 2023 -0500

    6 de la tarde y estoy echado en mi cama

commit 741c1afb8a88276454a951d600ae58ecaa6b734a
Merge: fbd554c 0b0ae12
Author: Luis Angel <luis04quispe@gmail.com>
Date:   Sat Jan 21 14:17:07 2023 -0500

    Resolviendo conflictos  main/mergin o cuando fusionas 2 ramas

commit 0b0ae12f51329cd8e58f034b1acd98f36b86d89e
Author: Luis Angel <luis04quispe@gmail.com>
Date:   Sat Jan 21 14:12:05 2023 -0500

    rama html

commit fbd554ca432bc642a8e693b6ea7ee4fafaa8213d
Author: Luis Angel <luis04quispe@gmail.com>
Date:   Sat Jan 21 14:10:59 2023 -0500

    blue

commit 3ba5b0a11b4154fd3d2b1338e1198618690f5929
Merge: b13d4dc d94b74b
Author: Luis Angel <luis04quispe@gmail.com>
Date:   Sat Jan 21 14:08:58 2023 -0500

    crea otro error

commit d94b74b1b8b2ae2f2e630da5a20e7ddd549387bc
Author: Luis Angel <luis04quispe@gmail.com>
Date:   Sat Jan 21 14:03:15 2023 -0500

    rapido

commit 6a8a6d17eba3b4dd1e2fa3baa8b584ecf5dceca6
Author: Luis Angel <luis04quispe@gmail.com>
Date:   Sat Jan 21 13:58:20 2023 -0500

    Resuelve

commit b13d4dc5c9e083c4f0884db01544774f095af075
Author: Luis Angel <luis04quispe@gmail.com>
Date:   Sat Jan 21 13:57:10 2023 -0500

    primera rama del index.html

commit 9a0733287e9e0ebea1a79da024650a6de3bf6526
Author: Luis Angel <luis04quispe@gmail.com>
Date:   Sat Jan 21 13:02:09 2023 -0500

    ya ya

commit ab4d70e746f4e4dec331a604c9cd3230ec26698e
Merge: 16a2bf1 b807b6e
Author: Luis Angel <luis04quispe@gmail.com>
Date:   Sat Jan 21 12:48:45 2023 -0500

    Merge branch 'js2'

commit b807b6ed62e6784822997889adbd0b6e51450ce8
Author: Luis Angel <luis04quispe@gmail.com>
Date:   Sat Jan 21 11:53:17 2023 -0500

    tamare

commit 16a2bf1596dca59962954700a18fd5327bdf32c5
Author: Luis Angel <luis04quispe@gmail.com>
Date:   Sat Jan 21 11:36:58 2023 -0500

    Esto es css

commit 3cd40ae7cb3f59479d61edde5afa82de71301082
Author: Luis Angel <luis04quispe@gmail.com>
Date:   Sat Jan 21 11:34:15 2023 -0500

    segundo intento en Git&GitHub

commit 3c6409e2d1f040899d05fb9ef55d08617bd5adf4
Author: Luis Angel <luis04quispe@gmail.com>
Date:   Sat Jan 21 11:28:56 2023 -0500

    Git-HTML

commit cda625a69260b2e160155d534e67f8b78f27a597
Author: Luis Angel <luis04quispe@gmail.com>
Date:   Fri Jan 20 23:39:36 2023 -0500

    me muero de sueño

commit 83e4d3e6ac4fd8ab8f2f9d8707a3af832b0b6915
Author: Luis Angel <luis04quispe@gmail.com>
Date:   Wed Jan 18 23:40:08 2023 -0500

    ignorando archivos .exe

commit 4b1714a55a77dc5e46becc7f648d58d47b43a811
Author: Luis Angel <luis04quispe@gmail.com>
Date:   Wed Jan 18 17:30:42 2023 -0500

    como estas?

commit 7802e290518299f318eefa020e507f395e97e5ec
Author: MAYOR-Luis <111244918+MAYOR-Luis@users.noreply.github.com>
Date:   Wed Jan 18 17:27:05 2023 -0500

    Create license.txt
    
    hol11

commit c70f4ed98606f4838ee5ec82df57568d9f7b1737
Author: Luis Angel <luis04quispe@gmail.com>
Date:   Wed Jan 18 16:55:05 2023 -0500

    asi se hace

commit 708dc38fe348eecbe1f6520173de343fe094c8fa
Author: Luis Angel <luis04quispe@gmail.com>
Date:   Wed Jan 18 15:57:25 2023 -0500

    Agregando contenido inicial al README

commit c7d459f506f10e25d51fd849a7fa4d448d1c1a66
Author: Luis Angel <luis04quispe@gmail.com>
Date:   Wed Jan 18 15:44:48 2023 -0500

    Primer commit🧑‍💻
